#! /c/Source/iverilog-install/bin/vvp
:ivl_version "12.0 (devel)" "(s20150603-1539-g2693dd32b)";
:ivl_delay_selection "TYPICAL";
:vpi_time_precision + 0;
:vpi_module "C:\iverilog\lib\ivl\system.vpi";
:vpi_module "C:\iverilog\lib\ivl\vhdl_sys.vpi";
:vpi_module "C:\iverilog\lib\ivl\vhdl_textio.vpi";
:vpi_module "C:\iverilog\lib\ivl\v2005_math.vpi";
:vpi_module "C:\iverilog\lib\ivl\va_math.vpi";
S_000001f2c9e56670 .scope module, "ALU_CU" "ALU_CU" 2 150;
 .timescale 0 0;
    .port_info 0 /INPUT 2 "ALUOp";
    .port_info 1 /INPUT 4 "Inst";
    .port_info 2 /OUTPUT 4 "ALU_Sel";
o000001f2c9e98fa8 .functor BUFZ 2, C4<zz>; HiZ drive
v000001f2c9e90ef0_0 .net "ALUOp", 1 0, o000001f2c9e98fa8;  0 drivers
v000001f2c9e91670_0 .var "ALU_Sel", 3 0;
o000001f2c9e99008 .functor BUFZ 4, C4<zzzz>; HiZ drive
v000001f2c9e90770_0 .net "Inst", 3 0, o000001f2c9e99008;  0 drivers
E_000001f2c9e953a0 .event anyedge, v000001f2c9e90ef0_0, v000001f2c9e90770_0;
S_000001f2c9e56800 .scope module, "ALU_Control" "ALU_Control" 2 248;
 .timescale 0 0;
S_000001f2c9e5a0c0 .scope module, "Branch_sign" "Branch_sign" 2 234;
 .timescale 0 0;
    .port_info 0 /INPUT 3 "funct3";
    .port_info 1 /INPUT 1 "zf";
    .port_info 2 /INPUT 1 "sf";
    .port_info 3 /INPUT 1 "vf";
    .port_info 4 /INPUT 1 "cf";
    .port_info 5 /OUTPUT 1 "BR";
v000001f2c9e90130_0 .var "BR", 0 0;
o000001f2c9e990f8 .functor BUFZ 1, C4<z>; HiZ drive
v000001f2c9e91710_0 .net "cf", 0 0, o000001f2c9e990f8;  0 drivers
o000001f2c9e99128 .functor BUFZ 3, C4<zzz>; HiZ drive
v000001f2c9e90a90_0 .net "funct3", 2 0, o000001f2c9e99128;  0 drivers
o000001f2c9e99158 .functor BUFZ 1, C4<z>; HiZ drive
v000001f2c9e90bd0_0 .net "sf", 0 0, o000001f2c9e99158;  0 drivers
o000001f2c9e99188 .functor BUFZ 1, C4<z>; HiZ drive
v000001f2c9e90090_0 .net "vf", 0 0, o000001f2c9e99188;  0 drivers
o000001f2c9e991b8 .functor BUFZ 1, C4<z>; HiZ drive
v000001f2c9e90c70_0 .net "zf", 0 0, o000001f2c9e991b8;  0 drivers
E_000001f2c9e954e0/0 .event anyedge, v000001f2c9e90a90_0, v000001f2c9e90c70_0, v000001f2c9e90bd0_0, v000001f2c9e90090_0;
E_000001f2c9e954e0/1 .event anyedge, v000001f2c9e91710_0;
E_000001f2c9e954e0 .event/or E_000001f2c9e954e0/0, E_000001f2c9e954e0/1;
S_000001f2c9e5a250 .scope module, "Control_unit" "Control_unit" 2 43;
 .timescale 0 0;
    .port_info 0 /INPUT 7 "opcode";
    .port_info 1 /OUTPUT 1 "Branch";
    .port_info 2 /OUTPUT 1 "MemRead";
    .port_info 3 /OUTPUT 1 "MemtoReg";
    .port_info 4 /OUTPUT 2 "ALUOp";
    .port_info 5 /OUTPUT 2 "Rd_sel";
    .port_info 6 /OUTPUT 1 "MemWrite";
    .port_info 7 /OUTPUT 1 "ALUSrc";
    .port_info 8 /OUTPUT 1 "RegWrite";
    .port_info 9 /OUTPUT 1 "pc_sel";
    .port_info 10 /OUTPUT 1 "JAL";
v000001f2c9e90d10_0 .var "ALUOp", 1 0;
v000001f2c9e8feb0_0 .var "ALUSrc", 0 0;
v000001f2c9e91350_0 .var "Branch", 0 0;
v000001f2c9e917b0_0 .var "JAL", 0 0;
v000001f2c9e8fb90_0 .var "MemRead", 0 0;
v000001f2c9e90450_0 .var "MemWrite", 0 0;
v000001f2c9e91850_0 .var "MemtoReg", 0 0;
v000001f2c9e8fe10_0 .var "Rd_sel", 1 0;
v000001f2c9e90db0_0 .var "RegWrite", 0 0;
o000001f2c9e994b8 .functor BUFZ 7, C4<zzzzzzz>; HiZ drive
v000001f2c9e8ff50_0 .net "opcode", 6 0, o000001f2c9e994b8;  0 drivers
v000001f2c9e91990_0 .var "pc_sel", 0 0;
E_000001f2c9e94f20 .event anyedge, v000001f2c9e8ff50_0;
S_000001f2c9e756e0 .scope module, "prv32_ALU" "prv32_ALU" 2 189;
 .timescale 0 0;
    .port_info 0 /INPUT 32 "a";
    .port_info 1 /INPUT 32 "b";
    .port_info 2 /INPUT 5 "shamt";
    .port_info 3 /OUTPUT 32 "r";
    .port_info 4 /OUTPUT 1 "cf";
    .port_info 5 /OUTPUT 1 "zf";
    .port_info 6 /OUTPUT 1 "vf";
    .port_info 7 /OUTPUT 1 "sf";
    .port_info 8 /INPUT 4 "alufn";
o000001f2c9e9a508 .functor BUFZ 32, C4<zzzzzzzzzzzzzzzzzzzzzzzzzzzzzzzz>; HiZ drive
L_000001f2c9e86870 .functor NOT 32, o000001f2c9e9a508, C4<00000000000000000000000000000000>, C4<00000000000000000000000000000000>, C4<00000000000000000000000000000000>;
L_000001f2c9e86640 .functor XOR 1, L_000001f2c9ef3260, L_000001f2c9ef3d00, C4<0>, C4<0>;
L_000001f2c9e85f40 .functor XOR 1, L_000001f2c9e86640, L_000001f2c9ef43e0, C4<0>, C4<0>;
L_000001f2c9e86250 .functor XOR 1, L_000001f2c9e85f40, L_000001f2c9ef3e40, C4<0>, C4<0>;
L_000001f2c9f70088 .functor BUFT 1, C4<0>, C4<0>, C4<0>, C4<0>;
v000001f2c9ef1610_0 .net *"_ivl_10", 0 0, L_000001f2c9f70088;  1 drivers
v000001f2c9ef25b0_0 .net *"_ivl_11", 32 0, L_000001f2c9ef3940;  1 drivers
L_000001f2c9f700d0 .functor BUFT 1, C4<0>, C4<0>, C4<0>, C4<0>;
v000001f2c9ef2b50_0 .net *"_ivl_14", 0 0, L_000001f2c9f700d0;  1 drivers
v000001f2c9ef2f10_0 .net *"_ivl_15", 32 0, L_000001f2c9ef4d40;  1 drivers
L_000001f2c9f70118 .functor BUFT 1, C4<000000000000000000000000000000001>, C4<0>, C4<0>, C4<0>;
v000001f2c9ef2650_0 .net/2u *"_ivl_17", 32 0, L_000001f2c9f70118;  1 drivers
v000001f2c9ef26f0_0 .net *"_ivl_19", 32 0, L_000001f2c9ef3120;  1 drivers
v000001f2c9ef2790_0 .net *"_ivl_21", 32 0, L_000001f2c9ef4ac0;  1 drivers
L_000001f2c9f70160 .functor BUFT 1, C4<0>, C4<0>, C4<0>, C4<0>;
v000001f2c9ef2150_0 .net *"_ivl_24", 0 0, L_000001f2c9f70160;  1 drivers
v000001f2c9ef2830_0 .net *"_ivl_25", 32 0, L_000001f2c9ef4e80;  1 drivers
L_000001f2c9f701a8 .functor BUFT 1, C4<0>, C4<0>, C4<0>, C4<0>;
v000001f2c9ef14d0_0 .net *"_ivl_28", 0 0, L_000001f2c9f701a8;  1 drivers
v000001f2c9ef28d0_0 .net *"_ivl_29", 32 0, L_000001f2c9ef3a80;  1 drivers
v000001f2c9ef16b0_0 .net *"_ivl_31", 32 0, L_000001f2c9ef31c0;  1 drivers
L_000001f2c9f701f0 .functor BUFT 1, C4<00000000000000000000000000000000>, C4<0>, C4<0>, C4<0>;
v000001f2c9ef1c50_0 .net/2u *"_ivl_33", 31 0, L_000001f2c9f701f0;  1 drivers
v000001f2c9ef1d90_0 .net *"_ivl_40", 0 0, L_000001f2c9ef3260;  1 drivers
v000001f2c9ef2970_0 .net *"_ivl_42", 0 0, L_000001f2c9ef3d00;  1 drivers
v000001f2c9ef2bf0_0 .net *"_ivl_43", 0 0, L_000001f2c9e86640;  1 drivers
v000001f2c9ef1110_0 .net *"_ivl_46", 0 0, L_000001f2c9ef43e0;  1 drivers
v000001f2c9ef1250_0 .net *"_ivl_47", 0 0, L_000001f2c9e85f40;  1 drivers
v000001f2c9ef1390_0 .net *"_ivl_6", 0 0, L_000001f2c9ef3bc0;  1 drivers
v000001f2c9ef1430_0 .net *"_ivl_7", 32 0, L_000001f2c9ef4de0;  1 drivers
o000001f2c9e99758 .functor BUFZ 32, C4<zzzzzzzzzzzzzzzzzzzzzzzzzzzzzzzz>; HiZ drive
v000001f2c9ef1750_0 .net "a", 31 0, o000001f2c9e99758;  0 drivers
v000001f2c9ef17f0_0 .net "add", 31 0, L_000001f2c9ef3620;  1 drivers
o000001f2c9e9a4d8 .functor BUFZ 4, C4<zzzz>; HiZ drive
v000001f2c9ef1e30_0 .net "alufn", 3 0, o000001f2c9e9a4d8;  0 drivers
v000001f2c9ef2010_0 .net "b", 31 0, o000001f2c9e9a508;  0 drivers
v000001f2c9ef4ca0_0 .net "cf", 0 0, L_000001f2c9ef3e40;  1 drivers
v000001f2c9ef3080_0 .net "op_b", 31 0, L_000001f2c9e86870;  1 drivers
v000001f2c9ef4160_0 .var "r", 31 0;
v000001f2c9ef3b20_0 .net "sf", 0 0, L_000001f2c9ef3c60;  1 drivers
v000001f2c9ef45c0_0 .net "sh", 31 0, L_000001f2c9f08550;  1 drivers
o000001f2c9e99e78 .functor BUFZ 5, C4<zzzzz>; HiZ drive
v000001f2c9ef34e0_0 .net "shamt", 4 0, o000001f2c9e99e78;  0 drivers
v000001f2c9ef4980_0 .net "vf", 0 0, L_000001f2c9e86250;  1 drivers
v000001f2c9ef3580_0 .net "zf", 0 0, L_000001f2c9ef4520;  1 drivers
E_000001f2c9e94ea0/0 .event anyedge, v000001f2c9ef1e30_0, v000001f2c9ef17f0_0, v000001f2c9ef2010_0, v000001f2c9e913f0_0;
E_000001f2c9e94ea0/1 .event anyedge, v000001f2c9ef2510_0, v000001f2c9ef3b20_0, v000001f2c9ef4980_0, v000001f2c9ef4ca0_0;
E_000001f2c9e94ea0 .event/or E_000001f2c9e94ea0/0, E_000001f2c9e94ea0/1;
L_000001f2c9ef3e40 .part L_000001f2c9ef31c0, 32, 1;
L_000001f2c9ef3620 .part L_000001f2c9ef31c0, 0, 32;
L_000001f2c9ef3bc0 .part o000001f2c9e9a4d8, 0, 1;
L_000001f2c9ef4de0 .concat [ 32 1 0 0], o000001f2c9e99758, L_000001f2c9f70088;
L_000001f2c9ef3940 .concat [ 32 1 0 0], L_000001f2c9e86870, L_000001f2c9f700d0;
L_000001f2c9ef4d40 .arith/sum 33, L_000001f2c9ef4de0, L_000001f2c9ef3940;
L_000001f2c9ef3120 .arith/sum 33, L_000001f2c9ef4d40, L_000001f2c9f70118;
L_000001f2c9ef4ac0 .concat [ 32 1 0 0], o000001f2c9e99758, L_000001f2c9f70160;
L_000001f2c9ef4e80 .concat [ 32 1 0 0], o000001f2c9e9a508, L_000001f2c9f701a8;
L_000001f2c9ef3a80 .arith/sum 33, L_000001f2c9ef4ac0, L_000001f2c9ef4e80;
L_000001f2c9ef31c0 .functor MUXZ 33, L_000001f2c9ef3a80, L_000001f2c9ef3120, L_000001f2c9ef3bc0, C4<>;
L_000001f2c9ef4520 .cmp/eq 32, L_000001f2c9ef3620, L_000001f2c9f701f0;
L_000001f2c9ef3c60 .part L_000001f2c9ef3620, 31, 1;
L_000001f2c9ef3260 .part o000001f2c9e99758, 31, 1;
L_000001f2c9ef3d00 .part L_000001f2c9e86870, 31, 1;
L_000001f2c9ef43e0 .part L_000001f2c9ef3620, 31, 1;
L_000001f2c9f07290 .part o000001f2c9e9a4d8, 0, 2;
S_000001f2c9e75870 .scope module, "shifter0" "shift" 2 209, 2 24 0, S_000001f2c9e756e0;
 .timescale 0 0;
    .port_info 0 /INPUT 32 "a";
    .port_info 1 /INPUT 5 "shamt";
    .port_info 2 /INPUT 2 "typ";
    .port_info 3 /OUTPUT 32 "r";
v000001f2c9ef2e70_0 .net *"_ivl_1", 0 0, L_000001f2c9ef4200;  1 drivers
v000001f2c9ef19d0_0 .net *"_ivl_7", 0 0, L_000001f2c9f08c30;  1 drivers
v000001f2c9ef11b0_0 .net "a", 31 0, o000001f2c9e99758;  alias, 0 drivers
v000001f2c9ef23d0_0 .net "ma", 31 0, v000001f2c9e90810_0;  1 drivers
v000001f2c9ef1a70_0 .net "my", 31 0, v000001f2c9e90590_0;  1 drivers
v000001f2c9ef2510_0 .net "r", 31 0, L_000001f2c9f08550;  alias, 1 drivers
v000001f2c9ef12f0_0 .net "shamt", 4 0, o000001f2c9e99e78;  alias, 0 drivers
v000001f2c9ef2ab0_0 .net "typ", 1 0, L_000001f2c9f07290;  1 drivers
v000001f2c9ef1bb0_0 .net "x", 31 0, L_000001f2c9ef4660;  1 drivers
v000001f2c9ef1cf0_0 .net "y", 31 0, L_000001f2c9f078d0;  1 drivers
L_000001f2c9ef4200 .part L_000001f2c9f07290, 0, 1;
L_000001f2c9ef4660 .functor MUXZ 32, o000001f2c9e99758, v000001f2c9e90810_0, L_000001f2c9ef4200, C4<>;
L_000001f2c9f08730 .part L_000001f2c9f07290, 1, 1;
L_000001f2c9f08c30 .part L_000001f2c9f07290, 0, 1;
L_000001f2c9f08550 .functor MUXZ 32, L_000001f2c9f078d0, v000001f2c9e90590_0, L_000001f2c9f08c30, C4<>;
S_000001f2c9e22b70 .scope module, "m1" "mirror" 2 33, 2 2 0, S_000001f2c9e75870;
 .timescale 0 0;
    .port_info 0 /INPUT 32 "in";
    .port_info 1 /OUTPUT 32 "out";
v000001f2c9e90f90_0 .var/i "i", 31 0;
v000001f2c9e913f0_0 .net "in", 31 0, o000001f2c9e99758;  alias, 0 drivers
v000001f2c9e90810_0 .var "out", 31 0;
E_000001f2c9e95d60 .event anyedge, v000001f2c9e913f0_0;
S_000001f2c9e22d00 .scope module, "m2" "mirror" 2 34, 2 2 0, S_000001f2c9e75870;
 .timescale 0 0;
    .port_info 0 /INPUT 32 "in";
    .port_info 1 /OUTPUT 32 "out";
v000001f2c9e91030_0 .var/i "i", 31 0;
v000001f2c9e912b0_0 .net "in", 31 0, L_000001f2c9f078d0;  alias, 1 drivers
v000001f2c9e90590_0 .var "out", 31 0;
E_000001f2c9e95da0 .event anyedge, v000001f2c9e912b0_0;
S_000001f2c9e5d660 .scope module, "sh0" "shr" 2 37, 2 10 0, S_000001f2c9e75870;
 .timescale 0 0;
    .port_info 0 /INPUT 32 "a";
    .port_info 1 /OUTPUT 32 "r";
    .port_info 2 /INPUT 5 "shamt";
    .port_info 3 /INPUT 1 "ar";
v000001f2c9e90630_0 .net *"_ivl_1", 0 0, L_000001f2c9ef36c0;  1 drivers
v000001f2c9e90310_0 .net *"_ivl_11", 30 0, L_000001f2c9ef3ee0;  1 drivers
v000001f2c9e8faf0_0 .net *"_ivl_12", 31 0, L_000001f2c9ef3da0;  1 drivers
v000001f2c9e90e50_0 .net *"_ivl_17", 0 0, L_000001f2c9ef4f20;  1 drivers
v000001f2c9e910d0_0 .net *"_ivl_18", 1 0, L_000001f2c9ef39e0;  1 drivers
L_000001f2c9f70238 .functor BUFT 1, C4<0>, C4<0>, C4<0>, C4<0>;
v000001f2c9e91170_0 .net/2u *"_ivl_2", 0 0, L_000001f2c9f70238;  1 drivers
v000001f2c9e91490_0 .net *"_ivl_21", 29 0, L_000001f2c9ef4a20;  1 drivers
v000001f2c9e8fc30_0 .net *"_ivl_22", 31 0, L_000001f2c9ef3300;  1 drivers
v000001f2c9e91530_0 .net *"_ivl_27", 0 0, L_000001f2c9ef33a0;  1 drivers
v000001f2c9e915d0_0 .net *"_ivl_28", 3 0, L_000001f2c9ef3800;  1 drivers
v000001f2c9e908b0_0 .net *"_ivl_31", 27 0, L_000001f2c9ef4700;  1 drivers
v000001f2c9e8fff0_0 .net *"_ivl_32", 31 0, L_000001f2c9ef47a0;  1 drivers
v000001f2c9e901d0_0 .net *"_ivl_37", 0 0, L_000001f2c9ef48e0;  1 drivers
v000001f2c9e90270_0 .net *"_ivl_38", 7 0, L_000001f2c9ef4020;  1 drivers
v000001f2c9e90950_0 .net *"_ivl_41", 23 0, L_000001f2c9ef4b60;  1 drivers
v000001f2c9ef2470_0 .net *"_ivl_42", 31 0, L_000001f2c9ef3440;  1 drivers
v000001f2c9ef1070_0 .net *"_ivl_47", 0 0, L_000001f2c9ef38a0;  1 drivers
v000001f2c9ef20b0_0 .net *"_ivl_48", 15 0, L_000001f2c9ef40c0;  1 drivers
v000001f2c9ef1570_0 .net *"_ivl_51", 15 0, L_000001f2c9f087d0;  1 drivers
v000001f2c9ef2d30_0 .net *"_ivl_52", 31 0, L_000001f2c9f08190;  1 drivers
v000001f2c9ef1930_0 .net *"_ivl_7", 0 0, L_000001f2c9ef3760;  1 drivers
v000001f2c9ef2330_0 .net *"_ivl_8", 0 0, L_000001f2c9ef4840;  1 drivers
v000001f2c9ef1890_0 .net "a", 31 0, L_000001f2c9ef4660;  alias, 1 drivers
v000001f2c9ef2c90_0 .net "ar", 0 0, L_000001f2c9f08730;  1 drivers
v000001f2c9ef1f70_0 .net "fill", 0 0, L_000001f2c9ef42a0;  1 drivers
v000001f2c9ef1ed0_0 .net "r", 31 0, L_000001f2c9f078d0;  alias, 1 drivers
v000001f2c9ef21f0_0 .net "r1", 31 0, L_000001f2c9ef4480;  1 drivers
v000001f2c9ef2290_0 .net "r2", 31 0, L_000001f2c9ef4340;  1 drivers
v000001f2c9ef1b10_0 .net "r3", 31 0, L_000001f2c9ef3f80;  1 drivers
v000001f2c9ef2a10_0 .net "r4", 31 0, L_000001f2c9ef4c00;  1 drivers
v000001f2c9ef2dd0_0 .net "shamt", 4 0, o000001f2c9e99e78;  alias, 0 drivers
L_000001f2c9ef36c0 .part L_000001f2c9ef4660, 31, 1;
L_000001f2c9ef42a0 .functor MUXZ 1, L_000001f2c9f70238, L_000001f2c9ef36c0, L_000001f2c9f08730, C4<>;
L_000001f2c9ef3760 .part o000001f2c9e99e78, 0, 1;
L_000001f2c9ef4840 .concat [ 1 0 0 0], L_000001f2c9ef42a0;
L_000001f2c9ef3ee0 .part L_000001f2c9ef4660, 1, 31;
L_000001f2c9ef3da0 .concat [ 31 1 0 0], L_000001f2c9ef3ee0, L_000001f2c9ef4840;
L_000001f2c9ef4480 .functor MUXZ 32, L_000001f2c9ef4660, L_000001f2c9ef3da0, L_000001f2c9ef3760, C4<>;
L_000001f2c9ef4f20 .part o000001f2c9e99e78, 1, 1;
L_000001f2c9ef39e0 .concat [ 1 1 0 0], L_000001f2c9ef42a0, L_000001f2c9ef42a0;
L_000001f2c9ef4a20 .part L_000001f2c9ef4480, 2, 30;
L_000001f2c9ef3300 .concat [ 30 2 0 0], L_000001f2c9ef4a20, L_000001f2c9ef39e0;
L_000001f2c9ef4340 .functor MUXZ 32, L_000001f2c9ef4480, L_000001f2c9ef3300, L_000001f2c9ef4f20, C4<>;
L_000001f2c9ef33a0 .part o000001f2c9e99e78, 2, 1;
L_000001f2c9ef3800 .concat [ 1 1 1 1], L_000001f2c9ef42a0, L_000001f2c9ef42a0, L_000001f2c9ef42a0, L_000001f2c9ef42a0;
L_000001f2c9ef4700 .part L_000001f2c9ef4340, 4, 28;
L_000001f2c9ef47a0 .concat [ 28 4 0 0], L_000001f2c9ef4700, L_000001f2c9ef3800;
L_000001f2c9ef3f80 .functor MUXZ 32, L_000001f2c9ef4340, L_000001f2c9ef47a0, L_000001f2c9ef33a0, C4<>;
L_000001f2c9ef48e0 .part o000001f2c9e99e78, 3, 1;
LS_000001f2c9ef4020_0_0 .concat [ 1 1 1 1], L_000001f2c9ef42a0, L_000001f2c9ef42a0, L_000001f2c9ef42a0, L_000001f2c9ef42a0;
LS_000001f2c9ef4020_0_4 .concat [ 1 1 1 1], L_000001f2c9ef42a0, L_000001f2c9ef42a0, L_000001f2c9ef42a0, L_000001f2c9ef42a0;
L_000001f2c9ef4020 .concat [ 4 4 0 0], LS_000001f2c9ef4020_0_0, LS_000001f2c9ef4020_0_4;
L_000001f2c9ef4b60 .part L_000001f2c9ef3f80, 8, 24;
L_000001f2c9ef3440 .concat [ 24 8 0 0], L_000001f2c9ef4b60, L_000001f2c9ef4020;
L_000001f2c9ef4c00 .functor MUXZ 32, L_000001f2c9ef3f80, L_000001f2c9ef3440, L_000001f2c9ef48e0, C4<>;
L_000001f2c9ef38a0 .part o000001f2c9e99e78, 4, 1;
LS_000001f2c9ef40c0_0_0 .concat [ 1 1 1 1], L_000001f2c9ef42a0, L_000001f2c9ef42a0, L_000001f2c9ef42a0, L_000001f2c9ef42a0;
LS_000001f2c9ef40c0_0_4 .concat [ 1 1 1 1], L_000001f2c9ef42a0, L_000001f2c9ef42a0, L_000001f2c9ef42a0, L_000001f2c9ef42a0;
LS_000001f2c9ef40c0_0_8 .concat [ 1 1 1 1], L_000001f2c9ef42a0, L_000001f2c9ef42a0, L_000001f2c9ef42a0, L_000001f2c9ef42a0;
LS_000001f2c9ef40c0_0_12 .concat [ 1 1 1 1], L_000001f2c9ef42a0, L_000001f2c9ef42a0, L_000001f2c9ef42a0, L_000001f2c9ef42a0;
L_000001f2c9ef40c0 .concat [ 4 4 4 4], LS_000001f2c9ef40c0_0_0, LS_000001f2c9ef40c0_0_4, LS_000001f2c9ef40c0_0_8, LS_000001f2c9ef40c0_0_12;
L_000001f2c9f087d0 .part L_000001f2c9ef4c00, 16, 16;
L_000001f2c9f08190 .concat [ 16 16 0 0], L_000001f2c9f087d0, L_000001f2c9ef40c0;
L_000001f2c9f078d0 .functor MUXZ 32, L_000001f2c9ef4c00, L_000001f2c9f08190, L_000001f2c9ef38a0, C4<>;
    .scope S_000001f2c9e56670;
T_0 ;
    %wait E_000001f2c9e953a0;
    %load/vec4 v000001f2c9e90ef0_0;
    %dup/vec4;
    %pushi/vec4 0, 0, 2;
    %cmp/u;
    %jmp/1 T_0.0, 6;
    %dup/vec4;
    %pushi/vec4 1, 0, 2;
    %cmp/u;
    %jmp/1 T_0.1, 6;
    %dup/vec4;
    %pushi/vec4 2, 0, 2;
    %cmp/u;
    %jmp/1 T_0.2, 6;
    %pushi/vec4 0, 0, 4;
    %store/vec4 v000001f2c9e91670_0, 0, 4;
    %jmp T_0.4;
T_0.0 ;
    %pushi/vec4 0, 0, 4;
    %store/vec4 v000001f2c9e91670_0, 0, 4;
    %jmp T_0.4;
T_0.1 ;
    %pushi/vec4 1, 0, 4;
    %store/vec4 v000001f2c9e91670_0, 0, 4;
    %jmp T_0.4;
T_0.2 ;
    %load/vec4 v000001f2c9e90770_0;
    %parti/s 3, 0, 2;
    %cmpi/e 0, 0, 3;
    %flag_get/vec4 4;
    %jmp/0 T_0.7, 4;
    %load/vec4 v000001f2c9e90770_0;
    %parti/s 1, 3, 3;
    %and;
T_0.7;
    %flag_set/vec4 8;
    %jmp/0xz  T_0.5, 8;
    %pushi/vec4 1, 0, 4;
    %store/vec4 v000001f2c9e91670_0, 0, 4;
    %jmp T_0.6;
T_0.5 ;
    %load/vec4 v000001f2c9e90770_0;
    %parti/s 3, 0, 2;
    %cmpi/e 0, 0, 3;
    %jmp/0xz  T_0.8, 4;
    %pushi/vec4 0, 0, 4;
    %store/vec4 v000001f2c9e91670_0, 0, 4;
    %jmp T_0.9;
T_0.8 ;
    %load/vec4 v000001f2c9e90770_0;
    %parti/s 3, 0, 2;
    %cmpi/e 7, 0, 3;
    %jmp/0xz  T_0.10, 4;
    %pushi/vec4 5, 0, 4;
    %store/vec4 v000001f2c9e91670_0, 0, 4;
    %jmp T_0.11;
T_0.10 ;
    %load/vec4 v000001f2c9e90770_0;
    %parti/s 3, 0, 2;
    %cmpi/e 6, 0, 3;
    %jmp/0xz  T_0.12, 4;
    %pushi/vec4 4, 0, 4;
    %store/vec4 v000001f2c9e91670_0, 0, 4;
    %jmp T_0.13;
T_0.12 ;
    %load/vec4 v000001f2c9e90770_0;
    %parti/s 3, 0, 2;
    %cmpi/e 4, 0, 3;
    %jmp/0xz  T_0.14, 4;
    %pushi/vec4 7, 0, 4;
    %store/vec4 v000001f2c9e91670_0, 0, 4;
    %jmp T_0.15;
T_0.14 ;
    %load/vec4 v000001f2c9e90770_0;
    %parti/s 3, 0, 2;
    %cmpi/e 1, 0, 3;
    %jmp/0xz  T_0.16, 4;
    %pushi/vec4 8, 0, 4;
    %store/vec4 v000001f2c9e91670_0, 0, 4;
    %jmp T_0.17;
T_0.16 ;
    %load/vec4 v000001f2c9e90770_0;
    %parti/s 3, 0, 2;
    %cmpi/e 5, 0, 3;
    %flag_get/vec4 4;
    %jmp/0 T_0.20, 4;
    %load/vec4 v000001f2c9e90770_0;
    %parti/s 1, 3, 3;
    %inv;
    %and;
T_0.20;
    %flag_set/vec4 8;
    %jmp/0xz  T_0.18, 8;
    %pushi/vec4 9, 0, 4;
    %store/vec4 v000001f2c9e91670_0, 0, 4;
    %jmp T_0.19;
T_0.18 ;
    %load/vec4 v000001f2c9e90770_0;
    %parti/s 3, 0, 2;
    %cmpi/e 5, 0, 3;
    %jmp/0xz  T_0.21, 4;
    %pushi/vec4 10, 0, 4;
    %store/vec4 v000001f2c9e91670_0, 0, 4;
    %jmp T_0.22;
T_0.21 ;
    %load/vec4 v000001f2c9e90770_0;
    %parti/s 3, 0, 2;
    %cmpi/e 2, 0, 3;
    %jmp/0xz  T_0.23, 4;
    %pushi/vec4 13, 0, 4;
    %store/vec4 v000001f2c9e91670_0, 0, 4;
    %jmp T_0.24;
T_0.23 ;
    %load/vec4 v000001f2c9e90770_0;
    %parti/s 3, 0, 2;
    %cmpi/e 3, 0, 3;
    %jmp/0xz  T_0.25, 4;
    %pushi/vec4 15, 0, 4;
    %store/vec4 v000001f2c9e91670_0, 0, 4;
T_0.25 ;
T_0.24 ;
T_0.22 ;
T_0.19 ;
T_0.17 ;
T_0.15 ;
T_0.13 ;
T_0.11 ;
T_0.9 ;
T_0.6 ;
    %jmp T_0.4;
T_0.4 ;
    %pop/vec4 1;
    %jmp T_0;
    .thread T_0, $push;
    .scope S_000001f2c9e5a0c0;
T_1 ;
    %wait E_000001f2c9e954e0;
    %load/vec4 v000001f2c9e90a90_0;
    %dup/vec4;
    %pushi/vec4 0, 0, 3;
    %cmp/u;
    %jmp/1 T_1.0, 6;
    %dup/vec4;
    %pushi/vec4 1, 0, 3;
    %cmp/u;
    %jmp/1 T_1.1, 6;
    %dup/vec4;
    %pushi/vec4 4, 0, 3;
    %cmp/u;
    %jmp/1 T_1.2, 6;
    %dup/vec4;
    %pushi/vec4 5, 0, 3;
    %cmp/u;
    %jmp/1 T_1.3, 6;
    %dup/vec4;
    %pushi/vec4 6, 0, 3;
    %cmp/u;
    %jmp/1 T_1.4, 6;
    %dup/vec4;
    %pushi/vec4 7, 0, 3;
    %cmp/u;
    %jmp/1 T_1.5, 6;
    %pushi/vec4 0, 0, 1;
    %store/vec4 v000001f2c9e90130_0, 0, 1;
    %jmp T_1.7;
T_1.0 ;
    %load/vec4 v000001f2c9e90c70_0;
    %store/vec4 v000001f2c9e90130_0, 0, 1;
    %jmp T_1.7;
T_1.1 ;
    %load/vec4 v000001f2c9e90c70_0;
    %inv;
    %store/vec4 v000001f2c9e90130_0, 0, 1;
    %jmp T_1.7;
T_1.2 ;
    %load/vec4 v000001f2c9e90bd0_0;
    %load/vec4 v000001f2c9e90090_0;
    %cmp/ne;
    %flag_get/vec4 4;
    %store/vec4 v000001f2c9e90130_0, 0, 1;
    %jmp T_1.7;
T_1.3 ;
    %load/vec4 v000001f2c9e90bd0_0;
    %load/vec4 v000001f2c9e90090_0;
    %cmp/e;
    %flag_get/vec4 4;
    %store/vec4 v000001f2c9e90130_0, 0, 1;
    %jmp T_1.7;
T_1.4 ;
    %load/vec4 v000001f2c9e91710_0;
    %inv;
    %store/vec4 v000001f2c9e90130_0, 0, 1;
    %jmp T_1.7;
T_1.5 ;
    %load/vec4 v000001f2c9e91710_0;
    %store/vec4 v000001f2c9e90130_0, 0, 1;
    %jmp T_1.7;
T_1.7 ;
    %pop/vec4 1;
    %jmp T_1;
    .thread T_1, $push;
    .scope S_000001f2c9e5a250;
T_2 ;
    %wait E_000001f2c9e94f20;
    %load/vec4 v000001f2c9e8ff50_0;
    %parti/s 5, 2, 3;
    %dup/vec4;
    %pushi/vec4 12, 0, 5;
    %cmp/u;
    %jmp/1 T_2.0, 6;
    %dup/vec4;
    %pushi/vec4 0, 0, 5;
    %cmp/u;
    %jmp/1 T_2.1, 6;
    %dup/vec4;
    %pushi/vec4 8, 0, 5;
    %cmp/u;
    %jmp/1 T_2.2, 6;
    %dup/vec4;
    %pushi/vec4 24, 0, 5;
    %cmp/u;
    %jmp/1 T_2.3, 6;
    %dup/vec4;
    %pushi/vec4 4, 0, 5;
    %cmp/u;
    %jmp/1 T_2.4, 6;
    %dup/vec4;
    %pushi/vec4 27, 0, 5;
    %cmp/u;
    %jmp/1 T_2.5, 6;
    %dup/vec4;
    %pushi/vec4 25, 0, 5;
    %cmp/u;
    %jmp/1 T_2.6, 6;
    %dup/vec4;
    %pushi/vec4 5, 0, 5;
    %cmp/u;
    %jmp/1 T_2.7, 6;
    %pushi/vec4 0, 0, 1;
    %store/vec4 v000001f2c9e91350_0, 0, 1;
    %pushi/vec4 0, 0, 1;
    %store/vec4 v000001f2c9e8fb90_0, 0, 1;
    %pushi/vec4 0, 0, 1;
    %store/vec4 v000001f2c9e91850_0, 0, 1;
    %pushi/vec4 0, 0, 2;
    %store/vec4 v000001f2c9e90d10_0, 0, 2;
    %pushi/vec4 0, 0, 1;
    %store/vec4 v000001f2c9e90450_0, 0, 1;
    %pushi/vec4 0, 0, 1;
    %store/vec4 v000001f2c9e8feb0_0, 0, 1;
    %pushi/vec4 0, 0, 1;
    %store/vec4 v000001f2c9e90db0_0, 0, 1;
    %pushi/vec4 3, 0, 2;
    %store/vec4 v000001f2c9e8fe10_0, 0, 2;
    %pushi/vec4 0, 0, 1;
    %store/vec4 v000001f2c9e91990_0, 0, 1;
    %pushi/vec4 0, 0, 1;
    %store/vec4 v000001f2c9e917b0_0, 0, 1;
    %jmp T_2.9;
T_2.0 ;
    %pushi/vec4 0, 0, 1;
    %store/vec4 v000001f2c9e91350_0, 0, 1;
    %pushi/vec4 0, 0, 1;
    %store/vec4 v000001f2c9e8fb90_0, 0, 1;
    %pushi/vec4 0, 0, 1;
    %store/vec4 v000001f2c9e91850_0, 0, 1;
    %pushi/vec4 2, 0, 2;
    %store/vec4 v000001f2c9e90d10_0, 0, 2;
    %pushi/vec4 0, 0, 1;
    %store/vec4 v000001f2c9e90450_0, 0, 1;
    %pushi/vec4 0, 0, 1;
    %store/vec4 v000001f2c9e8feb0_0, 0, 1;
    %pushi/vec4 1, 0, 1;
    %store/vec4 v000001f2c9e90db0_0, 0, 1;
    %pushi/vec4 2, 0, 2;
    %store/vec4 v000001f2c9e8fe10_0, 0, 2;
    %pushi/vec4 0, 0, 1;
    %store/vec4 v000001f2c9e91990_0, 0, 1;
    %pushi/vec4 0, 0, 1;
    %store/vec4 v000001f2c9e917b0_0, 0, 1;
    %jmp T_2.9;
T_2.1 ;
    %pushi/vec4 0, 0, 1;
    %store/vec4 v000001f2c9e91350_0, 0, 1;
    %pushi/vec4 1, 0, 1;
    %store/vec4 v000001f2c9e8fb90_0, 0, 1;
    %pushi/vec4 1, 0, 1;
    %store/vec4 v000001f2c9e91850_0, 0, 1;
    %pushi/vec4 0, 0, 2;
    %store/vec4 v000001f2c9e90d10_0, 0, 2;
    %pushi/vec4 0, 0, 1;
    %store/vec4 v000001f2c9e90450_0, 0, 1;
    %pushi/vec4 1, 0, 1;
    %store/vec4 v000001f2c9e8feb0_0, 0, 1;
    %pushi/vec4 1, 0, 1;
    %store/vec4 v000001f2c9e90db0_0, 0, 1;
    %pushi/vec4 2, 0, 2;
    %store/vec4 v000001f2c9e8fe10_0, 0, 2;
    %pushi/vec4 0, 0, 1;
    %store/vec4 v000001f2c9e91990_0, 0, 1;
    %pushi/vec4 0, 0, 1;
    %store/vec4 v000001f2c9e917b0_0, 0, 1;
    %jmp T_2.9;
T_2.2 ;
    %pushi/vec4 0, 0, 1;
    %store/vec4 v000001f2c9e91350_0, 0, 1;
    %pushi/vec4 0, 0, 1;
    %store/vec4 v000001f2c9e8fb90_0, 0, 1;
    %pushi/vec4 1, 1, 1;
    %store/vec4 v000001f2c9e91850_0, 0, 1;
    %pushi/vec4 0, 0, 2;
    %store/vec4 v000001f2c9e90d10_0, 0, 2;
    %pushi/vec4 1, 0, 1;
    %store/vec4 v000001f2c9e90450_0, 0, 1;
    %pushi/vec4 1, 0, 1;
    %store/vec4 v000001f2c9e8feb0_0, 0, 1;
    %pushi/vec4 0, 0, 1;
    %store/vec4 v000001f2c9e90db0_0, 0, 1;
    %pushi/vec4 2, 0, 2;
    %store/vec4 v000001f2c9e8fe10_0, 0, 2;
    %pushi/vec4 0, 0, 1;
    %store/vec4 v000001f2c9e91990_0, 0, 1;
    %pushi/vec4 0, 0, 1;
    %store/vec4 v000001f2c9e917b0_0, 0, 1;
    %jmp T_2.9;
T_2.3 ;
    %pushi/vec4 1, 0, 1;
    %store/vec4 v000001f2c9e91350_0, 0, 1;
    %pushi/vec4 0, 0, 1;
    %store/vec4 v000001f2c9e8fb90_0, 0, 1;
    %pushi/vec4 1, 1, 1;
    %store/vec4 v000001f2c9e91850_0, 0, 1;
    %pushi/vec4 1, 0, 2;
    %store/vec4 v000001f2c9e90d10_0, 0, 2;
    %pushi/vec4 0, 0, 1;
    %store/vec4 v000001f2c9e90450_0, 0, 1;
    %pushi/vec4 0, 0, 1;
    %store/vec4 v000001f2c9e8feb0_0, 0, 1;
    %pushi/vec4 0, 0, 1;
    %store/vec4 v000001f2c9e90db0_0, 0, 1;
    %pushi/vec4 2, 0, 2;
    %store/vec4 v000001f2c9e8fe10_0, 0, 2;
    %pushi/vec4 0, 0, 1;
    %store/vec4 v000001f2c9e91990_0, 0, 1;
    %pushi/vec4 0, 0, 1;
    %store/vec4 v000001f2c9e917b0_0, 0, 1;
    %jmp T_2.9;
T_2.4 ;
    %pushi/vec4 0, 0, 1;
    %store/vec4 v000001f2c9e91350_0, 0, 1;
    %pushi/vec4 0, 0, 1;
    %store/vec4 v000001f2c9e8fb90_0, 0, 1;
    %pushi/vec4 0, 0, 1;
    %store/vec4 v000001f2c9e91850_0, 0, 1;
    %pushi/vec4 2, 0, 2;
    %store/vec4 v000001f2c9e90d10_0, 0, 2;
    %pushi/vec4 0, 0, 1;
    %store/vec4 v000001f2c9e90450_0, 0, 1;
    %pushi/vec4 1, 0, 1;
    %store/vec4 v000001f2c9e8feb0_0, 0, 1;
    %pushi/vec4 1, 0, 1;
    %store/vec4 v000001f2c9e90db0_0, 0, 1;
    %pushi/vec4 2, 0, 2;
    %store/vec4 v000001f2c9e8fe10_0, 0, 2;
    %pushi/vec4 0, 0, 1;
    %store/vec4 v000001f2c9e91990_0, 0, 1;
    %pushi/vec4 0, 0, 1;
    %store/vec4 v000001f2c9e917b0_0, 0, 1;
    %jmp T_2.9;
T_2.5 ;
    %pushi/vec4 1, 0, 1;
    %store/vec4 v000001f2c9e91350_0, 0, 1;
    %pushi/vec4 0, 0, 1;
    %store/vec4 v000001f2c9e8fb90_0, 0, 1;
    %pushi/vec4 0, 0, 1;
    %store/vec4 v000001f2c9e91850_0, 0, 1;
    %pushi/vec4 2, 0, 2;
    %store/vec4 v000001f2c9e90d10_0, 0, 2;
    %pushi/vec4 0, 0, 1;
    %store/vec4 v000001f2c9e90450_0, 0, 1;
    %pushi/vec4 1, 0, 1;
    %store/vec4 v000001f2c9e8feb0_0, 0, 1;
    %pushi/vec4 1, 0, 1;
    %store/vec4 v000001f2c9e90db0_0, 0, 1;
    %pushi/vec4 1, 0, 2;
    %store/vec4 v000001f2c9e8fe10_0, 0, 2;
    %pushi/vec4 0, 0, 1;
    %store/vec4 v000001f2c9e91990_0, 0, 1;
    %pushi/vec4 1, 0, 1;
    %store/vec4 v000001f2c9e917b0_0, 0, 1;
    %jmp T_2.9;
T_2.6 ;
    %pushi/vec4 1, 0, 1;
    %store/vec4 v000001f2c9e91350_0, 0, 1;
    %pushi/vec4 0, 0, 1;
    %store/vec4 v000001f2c9e8fb90_0, 0, 1;
    %pushi/vec4 0, 0, 1;
    %store/vec4 v000001f2c9e91850_0, 0, 1;
    %pushi/vec4 2, 0, 2;
    %store/vec4 v000001f2c9e90d10_0, 0, 2;
    %pushi/vec4 0, 0, 1;
    %store/vec4 v000001f2c9e90450_0, 0, 1;
    %pushi/vec4 1, 0, 1;
    %store/vec4 v000001f2c9e8feb0_0, 0, 1;
    %pushi/vec4 1, 0, 1;
    %store/vec4 v000001f2c9e90db0_0, 0, 1;
    %pushi/vec4 1, 0, 2;
    %store/vec4 v000001f2c9e8fe10_0, 0, 2;
    %pushi/vec4 1, 0, 1;
    %store/vec4 v000001f2c9e91990_0, 0, 1;
    %pushi/vec4 0, 0, 1;
    %store/vec4 v000001f2c9e917b0_0, 0, 1;
    %jmp T_2.9;
T_2.7 ;
    %pushi/vec4 0, 0, 1;
    %store/vec4 v000001f2c9e91350_0, 0, 1;
    %pushi/vec4 0, 0, 1;
    %store/vec4 v000001f2c9e8fb90_0, 0, 1;
    %pushi/vec4 0, 0, 1;
    %store/vec4 v000001f2c9e91850_0, 0, 1;
    %pushi/vec4 2, 0, 2;
    %store/vec4 v000001f2c9e90d10_0, 0, 2;
    %pushi/vec4 0, 0, 1;
    %store/vec4 v000001f2c9e90450_0, 0, 1;
    %pushi/vec4 1, 0, 1;
    %store/vec4 v000001f2c9e8feb0_0, 0, 1;
    %pushi/vec4 1, 0, 1;
    %store/vec4 v000001f2c9e90db0_0, 0, 1;
    %pushi/vec4 0, 0, 2;
    %store/vec4 v000001f2c9e8fe10_0, 0, 2;
    %pushi/vec4 0, 0, 1;
    %store/vec4 v000001f2c9e91990_0, 0, 1;
    %pushi/vec4 0, 0, 1;
    %store/vec4 v000001f2c9e917b0_0, 0, 1;
    %jmp T_2.9;
T_2.9 ;
    %pop/vec4 1;
    %jmp T_2;
    .thread T_2, $push;
    .scope S_000001f2c9e22b70;
T_3 ;
    %wait E_000001f2c9e95d60;
    %pushi/vec4 0, 0, 32;
    %store/vec4 v000001f2c9e90f90_0, 0, 32;
T_3.0 ;
    %load/vec4 v000001f2c9e90f90_0;
    %cmpi/s 32, 0, 32;
    %jmp/0xz T_3.1, 5;
    %load/vec4 v000001f2c9e913f0_0;
    %pushi/vec4 31, 0, 32;
    %load/vec4 v000001f2c9e90f90_0;
    %sub;
    %part/s 1;
    %ix/getv/s 4, v000001f2c9e90f90_0;
    %store/vec4 v000001f2c9e90810_0, 4, 1;
    %load/vec4 v000001f2c9e90f90_0;
    %addi 1, 0, 32;
    %store/vec4 v000001f2c9e90f90_0, 0, 32;
    %jmp T_3.0;
T_3.1 ;
    %jmp T_3;
    .thread T_3, $push;
    .scope S_000001f2c9e22d00;
T_4 ;
    %wait E_000001f2c9e95da0;
    %pushi/vec4 0, 0, 32;
    %store/vec4 v000001f2c9e91030_0, 0, 32;
T_4.0 ;
    %load/vec4 v000001f2c9e91030_0;
    %cmpi/s 32, 0, 32;
    %jmp/0xz T_4.1, 5;
    %load/vec4 v000001f2c9e912b0_0;
    %pushi/vec4 31, 0, 32;
    %load/vec4 v000001f2c9e91030_0;
    %sub;
    %part/s 1;
    %ix/getv/s 4, v000001f2c9e91030_0;
    %store/vec4 v000001f2c9e90590_0, 4, 1;
    %load/vec4 v000001f2c9e91030_0;
    %addi 1, 0, 32;
    %store/vec4 v000001f2c9e91030_0, 0, 32;
    %jmp T_4.0;
T_4.1 ;
    %jmp T_4;
    .thread T_4, $push;
    .scope S_000001f2c9e756e0;
T_5 ;
    %wait E_000001f2c9e94ea0;
    %pushi/vec4 0, 0, 32;
    %store/vec4 v000001f2c9ef4160_0, 0, 32;
    %load/vec4 v000001f2c9ef1e30_0;
    %dup/vec4;
    %pushi/vec4 0, 0, 4;
    %cmp/u;
    %jmp/1 T_5.0, 6;
    %dup/vec4;
    %pushi/vec4 1, 0, 4;
    %cmp/u;
    %jmp/1 T_5.1, 6;
    %dup/vec4;
    %pushi/vec4 3, 0, 4;
    %cmp/u;
    %jmp/1 T_5.2, 6;
    %dup/vec4;
    %pushi/vec4 4, 0, 4;
    %cmp/u;
    %jmp/1 T_5.3, 6;
    %dup/vec4;
    %pushi/vec4 5, 0, 4;
    %cmp/u;
    %jmp/1 T_5.4, 6;
    %dup/vec4;
    %pushi/vec4 7, 0, 4;
    %cmp/u;
    %jmp/1 T_5.5, 6;
    %dup/vec4;
    %pushi/vec4 8, 0, 4;
    %cmp/u;
    %jmp/1 T_5.6, 6;
    %dup/vec4;
    %pushi/vec4 9, 0, 4;
    %cmp/u;
    %jmp/1 T_5.7, 6;
    %dup/vec4;
    %pushi/vec4 10, 0, 4;
    %cmp/u;
    %jmp/1 T_5.8, 6;
    %dup/vec4;
    %pushi/vec4 13, 0, 4;
    %cmp/u;
    %jmp/1 T_5.9, 6;
    %dup/vec4;
    %pushi/vec4 15, 0, 4;
    %cmp/u;
    %jmp/1 T_5.10, 6;
    %jmp T_5.11;
T_5.0 ;
    %load/vec4 v000001f2c9ef17f0_0;
    %store/vec4 v000001f2c9ef4160_0, 0, 32;
    %jmp T_5.11;
T_5.1 ;
    %load/vec4 v000001f2c9ef17f0_0;
    %store/vec4 v000001f2c9ef4160_0, 0, 32;
    %jmp T_5.11;
T_5.2 ;
    %load/vec4 v000001f2c9ef2010_0;
    %store/vec4 v000001f2c9ef4160_0, 0, 32;
    %jmp T_5.11;
T_5.3 ;
    %load/vec4 v000001f2c9ef1750_0;
    %load/vec4 v000001f2c9ef2010_0;
    %or;
    %store/vec4 v000001f2c9ef4160_0, 0, 32;
    %jmp T_5.11;
T_5.4 ;
    %load/vec4 v000001f2c9ef1750_0;
    %load/vec4 v000001f2c9ef2010_0;
    %and;
    %store/vec4 v000001f2c9ef4160_0, 0, 32;
    %jmp T_5.11;
T_5.5 ;
    %load/vec4 v000001f2c9ef1750_0;
    %load/vec4 v000001f2c9ef2010_0;
    %xor;
    %store/vec4 v000001f2c9ef4160_0, 0, 32;
    %jmp T_5.11;
T_5.6 ;
    %load/vec4 v000001f2c9ef45c0_0;
    %store/vec4 v000001f2c9ef4160_0, 0, 32;
    %jmp T_5.11;
T_5.7 ;
    %load/vec4 v000001f2c9ef45c0_0;
    %store/vec4 v000001f2c9ef4160_0, 0, 32;
    %jmp T_5.11;
T_5.8 ;
    %load/vec4 v000001f2c9ef45c0_0;
    %store/vec4 v000001f2c9ef4160_0, 0, 32;
    %jmp T_5.11;
T_5.9 ;
    %pushi/vec4 0, 0, 31;
    %load/vec4 v000001f2c9ef3b20_0;
    %load/vec4 v000001f2c9ef4980_0;
    %cmp/ne;
    %flag_get/vec4 4;
    %concat/vec4; draw_concat_vec4
    %store/vec4 v000001f2c9ef4160_0, 0, 32;
    %jmp T_5.11;
T_5.10 ;
    %pushi/vec4 0, 0, 31;
    %load/vec4 v000001f2c9ef4ca0_0;
    %inv;
    %concat/vec4; draw_concat_vec4
    %store/vec4 v000001f2c9ef4160_0, 0, 32;
    %jmp T_5.11;
T_5.11 ;
    %pop/vec4 1;
    %jmp T_5;
    .thread T_5, $push;
# The file index is used to find the file name in the following table.
:file_names 3;
    "N/A";
    "<interactive>";
    "ALU_Control.v";
